<?xml version="1.0" encoding="UTF-8"?>
<!-- Generated by org.testng.reporters.JUnitReportReporter -->
<testsuite hostname="RameshCh" failures="0" tests="3" name="com.qa.opencart.testcase.MyAccountPageTest" time="8.363" errors="0" timestamp="2023-02-07T18:31:58 MST" skipped="0">
  <testcase classname="com.qa.opencart.testcase.MyAccountPageTest" name="productSearchTest" time="2.746"/>
  <system-out/>
  <testcase classname="com.qa.opencart.testcase.MyAccountPageTest" name="productSearchTest" time="2.868"/>
  <system-out/>
  <testcase classname="com.qa.opencart.testcase.MyAccountPageTest" name="productSearchTest" time="2.749"/>
  <system-out/>
</testsuite> <!-- com.qa.opencart.testcase.MyAccountPageTest -->
