<?xml version="1.0" encoding="UTF-8"?>
<!-- Generated by org.testng.reporters.JUnitReportReporter -->
<testsuite hostname="RameshCh" failures="0" tests="11" name="com.qa.opencart.testcase.ProductDetailsPageTest" time="37.629" errors="0" timestamp="2023-02-12T19:45:18 MST" skipped="0">
  <testcase classname="com.qa.opencart.testcase.ProductDetailsPageTest" name="productHeaderTest" time="3.400"/>
  <system-out/>
  <testcase classname="com.qa.opencart.testcase.ProductDetailsPageTest" name="productHeaderTest" time="3.457"/>
  <system-out/>
  <testcase classname="com.qa.opencart.testcase.ProductDetailsPageTest" name="productHeaderTest" time="3.861"/>
  <system-out/>
  <testcase classname="com.qa.opencart.testcase.ProductDetailsPageTest" name="productImagesTest" time="3.122"/>
  <system-out/>
  <testcase classname="com.qa.opencart.testcase.ProductDetailsPageTest" name="productHeaderTest" time="3.901"/>
  <system-out/>
  <testcase classname="com.qa.opencart.testcase.ProductDetailsPageTest" name="productHeaderTest" time="3.682"/>
  <system-out/>
  <testcase classname="com.qa.opencart.testcase.ProductDetailsPageTest" name="productImagesTest" time="3.266"/>
  <system-out/>
  <testcase classname="com.qa.opencart.testcase.ProductDetailsPageTest" name="productMetaDataTest" time="3.200"/>
  <system-out/>
  <testcase classname="com.qa.opencart.testcase.ProductDetailsPageTest" name="productImagesTest" time="3.244"/>
  <system-out/>
  <testcase classname="com.qa.opencart.testcase.ProductDetailsPageTest" name="productImagesTest" time="3.292"/>
  <system-out/>
  <testcase classname="com.qa.opencart.testcase.ProductDetailsPageTest" name="productImagesTest" time="3.204"/>
  <system-out/>
</testsuite> <!-- com.qa.opencart.testcase.ProductDetailsPageTest -->
