<?xml version="1.0" encoding="UTF-8"?>
<!-- Generated by org.testng.reporters.JUnitReportReporter -->
<testsuite hostname="RameshCh" failures="0" tests="11" name="com.qa.opencart.testcase.ProductDetailsPageTest" time="38.102" errors="0" timestamp="2023-02-10T17:51:00 MST" skipped="0">
  <testcase classname="com.qa.opencart.testcase.ProductDetailsPageTest" name="productHeaderTest" time="3.438"/>
  <system-out/>
  <testcase classname="com.qa.opencart.testcase.ProductDetailsPageTest" name="productHeaderTest" time="3.452"/>
  <system-out/>
  <testcase classname="com.qa.opencart.testcase.ProductDetailsPageTest" name="productImagesTest" time="3.307"/>
  <system-out/>
  <testcase classname="com.qa.opencart.testcase.ProductDetailsPageTest" name="productHeaderTest" time="4.173"/>
  <system-out/>
  <testcase classname="com.qa.opencart.testcase.ProductDetailsPageTest" name="productImagesTest" time="3.325"/>
  <system-out/>
  <testcase classname="com.qa.opencart.testcase.ProductDetailsPageTest" name="productHeaderTest" time="3.358"/>
  <system-out/>
  <testcase classname="com.qa.opencart.testcase.ProductDetailsPageTest" name="productHeaderTest" time="3.528"/>
  <system-out/>
  <testcase classname="com.qa.opencart.testcase.ProductDetailsPageTest" name="productMetaDataTest" time="3.512"/>
  <system-out/>
  <testcase classname="com.qa.opencart.testcase.ProductDetailsPageTest" name="productImagesTest" time="3.422"/>
  <system-out/>
  <testcase classname="com.qa.opencart.testcase.ProductDetailsPageTest" name="productImagesTest" time="3.257"/>
  <system-out/>
  <testcase classname="com.qa.opencart.testcase.ProductDetailsPageTest" name="productImagesTest" time="3.330"/>
  <system-out/>
</testsuite> <!-- com.qa.opencart.testcase.ProductDetailsPageTest -->
