<?xml version="1.0" encoding="UTF-8"?>
<!-- Generated by org.testng.reporters.JUnitReportReporter -->
<testsuite hostname="RameshCh" failures="0" tests="4" name="com.qa.opencart.testcase.RegistrationTest" time="204.305" errors="0" timestamp="2023-02-12T19:45:18 MST" skipped="0">
  <testcase classname="com.qa.opencart.testcase.RegistrationTest" name="registrationDataDrivenTest" time="50.804"/>
  <system-out/>
  <testcase classname="com.qa.opencart.testcase.RegistrationTest" name="registrationDataDrivenTest" time="50.886"/>
  <system-out/>
  <testcase classname="com.qa.opencart.testcase.RegistrationTest" name="registrationDataDrivenTest" time="51.345"/>
  <system-out/>
  <testcase classname="com.qa.opencart.testcase.RegistrationTest" name="registrationTest" time="51.270"/>
  <system-out/>
</testsuite> <!-- com.qa.opencart.testcase.RegistrationTest -->
