<?xml version="1.0" encoding="UTF-8"?>
<!-- Generated by org.testng.reporters.JUnitReportReporter -->
<testsuite hostname="RameshCh" failures="0" tests="9" name="com.qa.opencart.testcase.LoginPageTest" time="13.357" errors="0" timestamp="2023-02-10T17:51:00 MST" skipped="0">
  <testcase classname="com.qa.opencart.testcase.LoginPageTest" name="verifyLoginPageTitleTest" time="0.025"/>
  <system-out/>
  <testcase classname="com.qa.opencart.testcase.LoginPageTest" name="loginPageUrlTest" time="0.031"/>
  <system-out/>
  <testcase classname="com.qa.opencart.testcase.LoginPageTest" name="isRegisterAccntTextExistTest" time="0.088"/>
  <system-out/>
  <testcase classname="com.qa.opencart.testcase.LoginPageTest" name="isNewCustomerHeaderExistTest" time="0.067"/>
  <system-out/>
  <testcase classname="com.qa.opencart.testcase.LoginPageTest" name="isNewCustomerContinueBtnAvailableExistTest" time="0.063"/>
  <system-out/>
  <testcase classname="com.qa.opencart.testcase.LoginPageTest" name="isReturningCustomerHeaderExistTest" time="0.071"/>
  <system-out/>
  <testcase classname="com.qa.opencart.testcase.LoginPageTest" name="goToForgotPasswordTest" time="2.819"/>
  <system-out/>
  <testcase classname="com.qa.opencart.testcase.LoginPageTest" name="goToRegistrationPageTest" time="3.034"/>
  <system-out/>
  <testcase classname="com.qa.opencart.testcase.LoginPageTest" name="loginTest" time="7.159"/>
  <system-out/>
</testsuite> <!-- com.qa.opencart.testcase.LoginPageTest -->
