<?xml version="1.0" encoding="UTF-8"?>
<!-- Generated by org.testng.reporters.JUnitReportReporter -->
<testsuite hostname="RameshCh" failures="0" tests="9" name="com.qa.opencart.testcase.LoginPageTest" time="13.720" errors="0" timestamp="2023-02-09T17:43:33 MST" skipped="0">
  <testcase classname="com.qa.opencart.testcase.LoginPageTest" name="verifyLoginPageTitleTest" time="0.026"/>
  <system-out/>
  <testcase classname="com.qa.opencart.testcase.LoginPageTest" name="loginPageUrlTest" time="0.016"/>
  <system-out/>
  <testcase classname="com.qa.opencart.testcase.LoginPageTest" name="isRegisterAccntTextExistTest" time="0.047"/>
  <system-out/>
  <testcase classname="com.qa.opencart.testcase.LoginPageTest" name="isNewCustomerHeaderExistTest" time="0.050"/>
  <system-out/>
  <testcase classname="com.qa.opencart.testcase.LoginPageTest" name="isNewCustomerContinueBtnAvailableExistTest" time="0.033"/>
  <system-out/>
  <testcase classname="com.qa.opencart.testcase.LoginPageTest" name="isReturningCustomerHeaderExistTest" time="0.038"/>
  <system-out/>
  <testcase classname="com.qa.opencart.testcase.LoginPageTest" name="goToForgotPasswordTest" time="3.327"/>
  <system-out/>
  <testcase classname="com.qa.opencart.testcase.LoginPageTest" name="goToRegistrationPageTest" time="3.054"/>
  <system-out/>
  <testcase classname="com.qa.opencart.testcase.LoginPageTest" name="loginTest" time="7.129"/>
  <system-out/>
</testsuite> <!-- com.qa.opencart.testcase.LoginPageTest -->
