<?xml version="1.0" encoding="UTF-8"?>
<!-- Generated by org.testng.reporters.JUnitReportReporter -->
<testsuite hostname="RameshCh" failures="0" tests="4" name="com.qa.opencart.testcase.RegistrationTest" time="211.383" errors="0" timestamp="2023-02-09T17:43:33 MST" skipped="0">
  <testcase classname="com.qa.opencart.testcase.RegistrationTest" name="registrationDataDrivenTest" time="52.637"/>
  <system-out/>
  <testcase classname="com.qa.opencart.testcase.RegistrationTest" name="registrationDataDrivenTest" time="53.355"/>
  <system-out/>
  <testcase classname="com.qa.opencart.testcase.RegistrationTest" name="registrationDataDrivenTest" time="52.578"/>
  <system-out/>
  <testcase classname="com.qa.opencart.testcase.RegistrationTest" name="registrationTest" time="52.813"/>
  <system-out/>
</testsuite> <!-- com.qa.opencart.testcase.RegistrationTest -->
