<?xml version="1.0" encoding="UTF-8"?>
<!-- Generated by org.testng.reporters.JUnitReportReporter -->
<testsuite hostname="RameshCh" failures="0" tests="9" name="com.qa.opencart.testcase.LoginPageTest" time="12.747" errors="0" timestamp="2023-02-12T19:45:18 MST" skipped="0">
  <testcase classname="com.qa.opencart.testcase.LoginPageTest" name="verifyLoginPageTitleTest" time="0.010"/>
  <system-out/>
  <testcase classname="com.qa.opencart.testcase.LoginPageTest" name="loginPageUrlTest" time="0.016"/>
  <system-out/>
  <testcase classname="com.qa.opencart.testcase.LoginPageTest" name="isRegisterAccntTextExistTest" time="0.043"/>
  <system-out/>
  <testcase classname="com.qa.opencart.testcase.LoginPageTest" name="isNewCustomerHeaderExistTest" time="0.039"/>
  <system-out/>
  <testcase classname="com.qa.opencart.testcase.LoginPageTest" name="isNewCustomerContinueBtnAvailableExistTest" time="0.046"/>
  <system-out/>
  <testcase classname="com.qa.opencart.testcase.LoginPageTest" name="isReturningCustomerHeaderExistTest" time="0.053"/>
  <system-out/>
  <testcase classname="com.qa.opencart.testcase.LoginPageTest" name="goToForgotPasswordTest" time="2.711"/>
  <system-out/>
  <testcase classname="com.qa.opencart.testcase.LoginPageTest" name="goToRegistrationPageTest" time="3.002"/>
  <system-out/>
  <testcase classname="com.qa.opencart.testcase.LoginPageTest" name="loginTest" time="6.827"/>
  <system-out/>
</testsuite> <!-- com.qa.opencart.testcase.LoginPageTest -->
