<?xml version="1.0" encoding="UTF-8"?>
<!-- Generated by org.testng.reporters.JUnitReportReporter -->
<testsuite hostname="RameshCh" failures="0" tests="4" name="com.qa.opencart.testcase.RegistrationTest" time="213.622" errors="0" timestamp="2023-02-10T17:51:00 MST" skipped="0">
  <testcase classname="com.qa.opencart.testcase.RegistrationTest" name="registrationDataDrivenTest" time="52.833"/>
  <system-out/>
  <testcase classname="com.qa.opencart.testcase.RegistrationTest" name="registrationDataDrivenTest" time="53.501"/>
  <system-out/>
  <testcase classname="com.qa.opencart.testcase.RegistrationTest" name="registrationTest" time="53.618"/>
  <system-out/>
  <testcase classname="com.qa.opencart.testcase.RegistrationTest" name="registrationDataDrivenTest" time="53.670"/>
  <system-out/>
</testsuite> <!-- com.qa.opencart.testcase.RegistrationTest -->
