<?xml version="1.0" encoding="UTF-8"?>
<!-- Generated by org.testng.reporters.JUnitReportReporter -->
<testsuite hostname="RameshCh" failures="0" tests="4" name="com.qa.opencart.testcase.HomePageTest" time="10.373" errors="0" timestamp="2023-02-12T19:45:18 MST" skipped="0">
  <testcase classname="com.qa.opencart.testcase.HomePageTest" name="verifyOpenCartLogoTest" time="0.201"/>
  <system-out/>
  <testcase classname="com.qa.opencart.testcase.HomePageTest" name="verifyOpenCartTitleTest" time="0.041"/>
  <system-out/>
  <testcase classname="com.qa.opencart.testcase.HomePageTest" name="navigateRegistrationPageTest" time="5.230"/>
  <system-out/>
  <testcase classname="com.qa.opencart.testcase.HomePageTest" name="navigateToLoginPageTest" time="4.901"/>
  <system-out/>
</testsuite> <!-- com.qa.opencart.testcase.HomePageTest -->
