<?xml version="1.0" encoding="UTF-8"?>
<!-- Generated by org.testng.reporters.JUnitReportReporter -->
<testsuite hostname="RameshCh" failures="0" tests="11" name="com.qa.opencart.testcase.ProductDetailsPageTest" time="38.414" errors="0" timestamp="2023-02-09T17:43:33 MST" skipped="0">
  <testcase classname="com.qa.opencart.testcase.ProductDetailsPageTest" name="productImagesTest" time="3.305"/>
  <system-out/>
  <testcase classname="com.qa.opencart.testcase.ProductDetailsPageTest" name="productImagesTest" time="3.229"/>
  <system-out/>
  <testcase classname="com.qa.opencart.testcase.ProductDetailsPageTest" name="productImagesTest" time="3.237"/>
  <system-out/>
  <testcase classname="com.qa.opencart.testcase.ProductDetailsPageTest" name="productHeaderTest" time="4.505"/>
  <system-out/>
  <testcase classname="com.qa.opencart.testcase.ProductDetailsPageTest" name="productHeaderTest" time="3.559"/>
  <system-out/>
  <testcase classname="com.qa.opencart.testcase.ProductDetailsPageTest" name="productHeaderTest" time="3.467"/>
  <system-out/>
  <testcase classname="com.qa.opencart.testcase.ProductDetailsPageTest" name="productImagesTest" time="3.265"/>
  <system-out/>
  <testcase classname="com.qa.opencart.testcase.ProductDetailsPageTest" name="productMetaDataTest" time="3.542"/>
  <system-out/>
  <testcase classname="com.qa.opencart.testcase.ProductDetailsPageTest" name="productHeaderTest" time="3.471"/>
  <system-out/>
  <testcase classname="com.qa.opencart.testcase.ProductDetailsPageTest" name="productImagesTest" time="3.253"/>
  <system-out/>
  <testcase classname="com.qa.opencart.testcase.ProductDetailsPageTest" name="productHeaderTest" time="3.581"/>
  <system-out/>
</testsuite> <!-- com.qa.opencart.testcase.ProductDetailsPageTest -->
