<?xml version="1.0" encoding="UTF-8"?>
<!-- Generated by org.testng.reporters.JUnitReportReporter -->
<testsuite hostname="RameshCh" failures="0" tests="9" name="com.qa.opencart.testcase.MyAccountPageTest" time="10.429" errors="0" timestamp="2023-02-12T19:45:18 MST" skipped="0">
  <testcase classname="com.qa.opencart.testcase.MyAccountPageTest" name="accountPageTitleTest" time="0.009"/>
  <system-out/>
  <testcase classname="com.qa.opencart.testcase.MyAccountPageTest" name="accountPageUrlTest" time="0.020"/>
  <system-out/>
  <testcase classname="com.qa.opencart.testcase.MyAccountPageTest" name="accountPageSearchExistTest" time="0.041"/>
  <system-out/>
  <testcase classname="com.qa.opencart.testcase.MyAccountPageTest" name="accountPageLogoutExistTest" time="2.146"/>
  <system-out/>
  <testcase classname="com.qa.opencart.testcase.MyAccountPageTest" name="myAccountMenuOptionTest" time="0.078"/>
  <system-out/>
  <testcase classname="com.qa.opencart.testcase.MyAccountPageTest" name="myAccountHeaderTest" time="0.051"/>
  <system-out/>
  <testcase classname="com.qa.opencart.testcase.MyAccountPageTest" name="productSearchTest" time="2.646"/>
  <system-out/>
  <testcase classname="com.qa.opencart.testcase.MyAccountPageTest" name="productSearchTest" time="2.719"/>
  <system-out/>
  <testcase classname="com.qa.opencart.testcase.MyAccountPageTest" name="productSearchTest" time="2.719"/>
  <system-out/>
</testsuite> <!-- com.qa.opencart.testcase.MyAccountPageTest -->
